<?xml version="1.0" encoding="UTF-8"?>
<!-- Generated by org.testng.reporters.JUnitXMLReporter -->
<testsuite ignored="0" hostname="kau5ha1" failures="0" tests="3" name="Default test" time="0.081" errors="0" timestamp="2024-05-13T22:25:54 IST">
  <testcase classname="mavenforjenkins.jenkinTest" name="test1" time="0.013"/>
  <testcase classname="mavenforjenkins.jenkinTest" name="test2" time="0.001"/>
  <testcase classname="mavenforjenkins.jenkinTest" name="test3" time="0.002"/>
</testsuite> <!-- Default test -->
